<?xml version="1.0" encoding="UTF-8"?>
<testsuite name="org.example.CarTest" tests="1" skipped="0" failures="0" errors="0" timestamp="2024-12-29T19:24:12" hostname="RANDYS" time="0.033">
  <properties/>
  <testcase name="testAvailability()" classname="org.example.CarTest" time="0.033"/>
  <system-out><![CDATA[]]></system-out>
  <system-err><![CDATA[]]></system-err>
</testsuite>
